  Dll.cpp
  guid.cpp
  helpers.cpp
  logger.cpp
  myCredential.cpp
d:\qt5.12.9project\facerecognition\mycredentialproviderv2\mycredential.cpp(146): warning C4100: “pProvider”: 未引用的形参
  myProvider.cpp
d:\qt5.12.9project\facerecognition\mycredentialproviderv2\myprovider.cpp(700): warning C4100: “dwFlags”: 未引用的形参
d:\qt5.12.9project\facerecognition\mycredentialproviderv2\myprovider.cpp(810): warning C4100: “pcpcs”: 未引用的形参
  pipeManager.cpp
  gf128.c
d:\qt5.12.9project\facerecognition\mycredentialproviderv2\sm4\gf128.c(66): warning C4100: “ind”: 未引用的形参
d:\qt5.12.9project\facerecognition\mycredentialproviderv2\sm4\gf128.c(66): warning C4100: “fmt”: 未引用的形参
d:\qt5.12.9project\facerecognition\mycredentialproviderv2\sm4\gf128.c(66): warning C4100: “fp”: 未引用的形参
  ghash.c
  hex.c
  rand.c
  sm4.c
  sm4_cbc.c
    正在创建库 D:\Qt5.12.9Project\faceRecognition\myCredentialProviderV2\x64\Release\myCredentialProviderV2.lib 和对象 D:\Qt5.12.9Project\faceRecognition\myCredentialProviderV2\x64\Release\myCredentialProviderV2.exp
myCredentialProviderV2.exp : warning LNK4070: .EXP 中的 /OUT:myCredentialProvider.dll 指令与输出文件名“D:\Qt5.12.9Project\faceRecognition\myCredentialProviderV2\x64\Release\myCredentialProviderV2.dll”不同；忽略指令
  正在生成代码
  All 671 functions were compiled because no usable IPDB/IOBJ from previous compilation was found.
  已完成代码的生成
myCredentialProviderV2.exp : warning LNK4070: .EXP 中的 /OUT:myCredentialProvider.dll 指令与输出文件名“D:\Qt5.12.9Project\faceRecognition\myCredentialProviderV2\x64\Release\myCredentialProviderV2.dll”不同；忽略指令
  myCredentialProviderV2.vcxproj -> D:\Qt5.12.9Project\faceRecognition\myCredentialProviderV2\x64\Release\myCredentialProviderV2.dll
