d:\qt5.12.9project\facerecognition\mycredentialproviderv2\x64\release\vc141.pdb
d:\qt5.12.9project\facerecognition\mycredentialproviderv2\x64\release\pipemanager.obj
d:\qt5.12.9project\facerecognition\mycredentialproviderv2\x64\release\myprovider.obj
d:\qt5.12.9project\facerecognition\mycredentialproviderv2\x64\release\mycredential.obj
d:\qt5.12.9project\facerecognition\mycredentialproviderv2\x64\release\logger.obj
d:\qt5.12.9project\facerecognition\mycredentialproviderv2\x64\release\helpers.obj
d:\qt5.12.9project\facerecognition\mycredentialproviderv2\x64\release\guid.obj
d:\qt5.12.9project\facerecognition\mycredentialproviderv2\x64\release\dll.obj
d:\qt5.12.9project\facerecognition\mycredentialproviderv2\x64\release\sm4_cbc.obj
d:\qt5.12.9project\facerecognition\mycredentialproviderv2\x64\release\sm4.obj
d:\qt5.12.9project\facerecognition\mycredentialproviderv2\x64\release\rand.obj
d:\qt5.12.9project\facerecognition\mycredentialproviderv2\x64\release\hex.obj
d:\qt5.12.9project\facerecognition\mycredentialproviderv2\x64\release\ghash.obj
d:\qt5.12.9project\facerecognition\mycredentialproviderv2\x64\release\gf128.obj
d:\qt5.12.9project\facerecognition\mycredentialproviderv2\x64\release\mycredentialproviderv2.dll
d:\qt5.12.9project\facerecognition\mycredentialproviderv2\x64\release\mycredentialproviderv2.pdb
d:\qt5.12.9project\facerecognition\mycredentialproviderv2\x64\release\mycredentialproviderv2.lib
d:\qt5.12.9project\facerecognition\mycredentialproviderv2\x64\release\mycredentialproviderv2.exp
d:\qt5.12.9project\facerecognition\mycredentialproviderv2\x64\release\mycredentialproviderv2.ipdb
d:\qt5.12.9project\facerecognition\mycredentialproviderv2\x64\release\mycredentialproviderv2.iobj
d:\qt5.12.9project\facerecognition\mycredentialproviderv2\x64\release\resources.res
d:\qt5.12.9project\facerecognition\mycredentialproviderv2\x64\release\mycreden.ad4a154b.tlog\cl.command.1.tlog
d:\qt5.12.9project\facerecognition\mycredentialproviderv2\x64\release\mycreden.ad4a154b.tlog\cl.read.1.tlog
d:\qt5.12.9project\facerecognition\mycredentialproviderv2\x64\release\mycreden.ad4a154b.tlog\cl.write.1.tlog
d:\qt5.12.9project\facerecognition\mycredentialproviderv2\x64\release\mycreden.ad4a154b.tlog\link.command.1.tlog
d:\qt5.12.9project\facerecognition\mycredentialproviderv2\x64\release\mycreden.ad4a154b.tlog\link.read.1.tlog
d:\qt5.12.9project\facerecognition\mycredentialproviderv2\x64\release\mycreden.ad4a154b.tlog\link.write.1.tlog
d:\qt5.12.9project\facerecognition\mycredentialproviderv2\x64\release\mycreden.ad4a154b.tlog\mycredentialproviderv2.write.1u.tlog
d:\qt5.12.9project\facerecognition\mycredentialproviderv2\x64\release\mycreden.ad4a154b.tlog\rc.command.1.tlog
d:\qt5.12.9project\facerecognition\mycredentialproviderv2\x64\release\mycreden.ad4a154b.tlog\rc.read.1.tlog
d:\qt5.12.9project\facerecognition\mycredentialproviderv2\x64\release\mycreden.ad4a154b.tlog\rc.write.1.tlog
