  Dll.cpp
  guid.cpp
  helpers.cpp
d:\qt5.12.9project\facerecognition\mycredentialproviderv2\helpers.cpp(675): error C2664: “HRESULT StringCchCopyNA(STRSAFE_LPSTR,size_t,STRSAFE_PCNZCH,size_t)”: 无法将参数 1 从“PWSTR”转换为“STRSAFE_LPSTR”
  d:\qt5.12.9project\facerecognition\mycredentialproviderv2\helpers.cpp(675): note: 与指向的类型无关；强制转换要求 reinterpret_cast、C 样式强制转换或函数样式强制转换
d:\qt5.12.9project\facerecognition\mycredentialproviderv2\helpers.cpp(682): error C2664: “HRESULT StringCchCopyNA(STRSAFE_LPSTR,size_t,STRSAFE_PCNZCH,size_t)”: 无法将参数 1 从“PWSTR”转换为“STRSAFE_LPSTR”
  d:\qt5.12.9project\facerecognition\mycredentialproviderv2\helpers.cpp(682): note: 与指向的类型无关；强制转换要求 reinterpret_cast、C 样式强制转换或函数样式强制转换
  myCredential.cpp
d:\qt5.12.9project\facerecognition\mycredentialproviderv2\common.h(105): error C2440: “初始化”: 无法从“const wchar_t [6]”转换为“LPWSTR”
  d:\qt5.12.9project\facerecognition\mycredentialproviderv2\common.h(105): note: 从字符串文本转换将丢失 const 限定符(请参阅 /Zc:strictStrings)
d:\qt5.12.9project\facerecognition\mycredentialproviderv2\common.h(105): error C2440: “初始化”: 无法从“const wchar_t [8]”转换为“LPWSTR”
  d:\qt5.12.9project\facerecognition\mycredentialproviderv2\common.h(105): note: 从字符串文本转换将丢失 const 限定符(请参阅 /Zc:strictStrings)
d:\qt5.12.9project\facerecognition\mycredentialproviderv2\common.h(105): error C2440: “初始化”: 无法从“const wchar_t [27]”转换为“LPWSTR”
  d:\qt5.12.9project\facerecognition\mycredentialproviderv2\common.h(105): note: 从字符串文本转换将丢失 const 限定符(请参阅 /Zc:strictStrings)
d:\qt5.12.9project\facerecognition\mycredentialproviderv2\common.h(105): error C2440: “初始化”: 无法从“const wchar_t [14]”转换为“LPWSTR”
  d:\qt5.12.9project\facerecognition\mycredentialproviderv2\common.h(105): note: 从字符串文本转换将丢失 const 限定符(请参阅 /Zc:strictStrings)
d:\qt5.12.9project\facerecognition\mycredentialproviderv2\common.h(105): error C2440: “初始化”: 无法从“const wchar_t [7]”转换为“LPWSTR”
  d:\qt5.12.9project\facerecognition\mycredentialproviderv2\common.h(105): note: 从字符串文本转换将丢失 const 限定符(请参阅 /Zc:strictStrings)
d:\qt5.12.9project\facerecognition\mycredentialproviderv2\common.h(105): error C2440: “初始化”: 无法从“const wchar_t [21]”转换为“LPWSTR”
  d:\qt5.12.9project\facerecognition\mycredentialproviderv2\common.h(105): note: 从字符串文本转换将丢失 const 限定符(请参阅 /Zc:strictStrings)
d:\qt5.12.9project\facerecognition\mycredentialproviderv2\common.h(105): error C2440: “初始化”: 无法从“const wchar_t [25]”转换为“LPWSTR”
  d:\qt5.12.9project\facerecognition\mycredentialproviderv2\common.h(105): note: 从字符串文本转换将丢失 const 限定符(请参阅 /Zc:strictStrings)
d:\qt5.12.9project\facerecognition\mycredentialproviderv2\common.h(105): error C2440: “初始化”: 无法从“const wchar_t [12]”转换为“LPWSTR”
  d:\qt5.12.9project\facerecognition\mycredentialproviderv2\common.h(105): note: 从字符串文本转换将丢失 const 限定符(请参阅 /Zc:strictStrings)
d:\qt5.12.9project\facerecognition\mycredentialproviderv2\common.h(105): error C2440: “初始化”: 无法从“const wchar_t [15]”转换为“LPWSTR”
  d:\qt5.12.9project\facerecognition\mycredentialproviderv2\common.h(105): note: 从字符串文本转换将丢失 const 限定符(请参阅 /Zc:strictStrings)
d:\qt5.12.9project\facerecognition\mycredentialproviderv2\common.h(105): error C2440: “初始化”: 无法从“const wchar_t [9]”转换为“LPWSTR”
  d:\qt5.12.9project\facerecognition\mycredentialproviderv2\common.h(105): note: 从字符串文本转换将丢失 const 限定符(请参阅 /Zc:strictStrings)
d:\qt5.12.9project\facerecognition\mycredentialproviderv2\common.h(105): error C2440: “初始化”: 无法从“const wchar_t [10]”转换为“LPWSTR”
  d:\qt5.12.9project\facerecognition\mycredentialproviderv2\common.h(105): note: 从字符串文本转换将丢失 const 限定符(请参阅 /Zc:strictStrings)
d:\qt5.12.9project\facerecognition\mycredentialproviderv2\common.h(112): error C2440: “初始化”: 无法从“const wchar_t [6]”转换为“const PWSTR”
  d:\qt5.12.9project\facerecognition\mycredentialproviderv2\common.h(112): note: 从字符串文本转换将丢失 const 限定符(请参阅 /Zc:strictStrings)
d:\qt5.12.9project\facerecognition\mycredentialproviderv2\common.h(112): error C2440: “初始化”: 无法从“const wchar_t [7]”转换为“const PWSTR”
  d:\qt5.12.9project\facerecognition\mycredentialproviderv2\common.h(112): note: 从字符串文本转换将丢失 const 限定符(请参阅 /Zc:strictStrings)
d:\qt5.12.9project\facerecognition\mycredentialproviderv2\sm4\sm4.h(16): fatal error C1083: 无法打开包括文件: “ghash.h”: No such file or directory
  myProvider.cpp
d:\qt5.12.9project\facerecognition\mycredentialproviderv2\common.h(105): error C2440: “初始化”: 无法从“const wchar_t [6]”转换为“LPWSTR”
  d:\qt5.12.9project\facerecognition\mycredentialproviderv2\common.h(105): note: 从字符串文本转换将丢失 const 限定符(请参阅 /Zc:strictStrings)
d:\qt5.12.9project\facerecognition\mycredentialproviderv2\common.h(105): error C2440: “初始化”: 无法从“const wchar_t [8]”转换为“LPWSTR”
  d:\qt5.12.9project\facerecognition\mycredentialproviderv2\common.h(105): note: 从字符串文本转换将丢失 const 限定符(请参阅 /Zc:strictStrings)
d:\qt5.12.9project\facerecognition\mycredentialproviderv2\common.h(105): error C2440: “初始化”: 无法从“const wchar_t [27]”转换为“LPWSTR”
  d:\qt5.12.9project\facerecognition\mycredentialproviderv2\common.h(105): note: 从字符串文本转换将丢失 const 限定符(请参阅 /Zc:strictStrings)
d:\qt5.12.9project\facerecognition\mycredentialproviderv2\common.h(105): error C2440: “初始化”: 无法从“const wchar_t [14]”转换为“LPWSTR”
  d:\qt5.12.9project\facerecognition\mycredentialproviderv2\common.h(105): note: 从字符串文本转换将丢失 const 限定符(请参阅 /Zc:strictStrings)
d:\qt5.12.9project\facerecognition\mycredentialproviderv2\common.h(105): error C2440: “初始化”: 无法从“const wchar_t [7]”转换为“LPWSTR”
  d:\qt5.12.9project\facerecognition\mycredentialproviderv2\common.h(105): note: 从字符串文本转换将丢失 const 限定符(请参阅 /Zc:strictStrings)
d:\qt5.12.9project\facerecognition\mycredentialproviderv2\common.h(105): error C2440: “初始化”: 无法从“const wchar_t [21]”转换为“LPWSTR”
  d:\qt5.12.9project\facerecognition\mycredentialproviderv2\common.h(105): note: 从字符串文本转换将丢失 const 限定符(请参阅 /Zc:strictStrings)
d:\qt5.12.9project\facerecognition\mycredentialproviderv2\common.h(105): error C2440: “初始化”: 无法从“const wchar_t [25]”转换为“LPWSTR”
  d:\qt5.12.9project\facerecognition\mycredentialproviderv2\common.h(105): note: 从字符串文本转换将丢失 const 限定符(请参阅 /Zc:strictStrings)
d:\qt5.12.9project\facerecognition\mycredentialproviderv2\common.h(105): error C2440: “初始化”: 无法从“const wchar_t [12]”转换为“LPWSTR”
  d:\qt5.12.9project\facerecognition\mycredentialproviderv2\common.h(105): note: 从字符串文本转换将丢失 const 限定符(请参阅 /Zc:strictStrings)
d:\qt5.12.9project\facerecognition\mycredentialproviderv2\common.h(105): error C2440: “初始化”: 无法从“const wchar_t [15]”转换为“LPWSTR”
  d:\qt5.12.9project\facerecognition\mycredentialproviderv2\common.h(105): note: 从字符串文本转换将丢失 const 限定符(请参阅 /Zc:strictStrings)
d:\qt5.12.9project\facerecognition\mycredentialproviderv2\common.h(105): error C2440: “初始化”: 无法从“const wchar_t [9]”转换为“LPWSTR”
  d:\qt5.12.9project\facerecognition\mycredentialproviderv2\common.h(105): note: 从字符串文本转换将丢失 const 限定符(请参阅 /Zc:strictStrings)
d:\qt5.12.9project\facerecognition\mycredentialproviderv2\common.h(105): error C2440: “初始化”: 无法从“const wchar_t [10]”转换为“LPWSTR”
  d:\qt5.12.9project\facerecognition\mycredentialproviderv2\common.h(105): note: 从字符串文本转换将丢失 const 限定符(请参阅 /Zc:strictStrings)
d:\qt5.12.9project\facerecognition\mycredentialproviderv2\common.h(112): error C2440: “初始化”: 无法从“const wchar_t [6]”转换为“const PWSTR”
  d:\qt5.12.9project\facerecognition\mycredentialproviderv2\common.h(112): note: 从字符串文本转换将丢失 const 限定符(请参阅 /Zc:strictStrings)
d:\qt5.12.9project\facerecognition\mycredentialproviderv2\common.h(112): error C2440: “初始化”: 无法从“const wchar_t [7]”转换为“const PWSTR”
  d:\qt5.12.9project\facerecognition\mycredentialproviderv2\common.h(112): note: 从字符串文本转换将丢失 const 限定符(请参阅 /Zc:strictStrings)
  正在生成代码...
